<?xml version="1.0" encoding="UTF-8"?>
<testsuite xmlns:xsi="http://www.w3.org/2001/XMLSchema-instance" xsi:noNamespaceSchemaLocation="https://maven.apache.org/surefire/maven-surefire-plugin/xsd/surefire-test-report-3.0.xsd" version="3.0" name="com.mycompany.findmaxvalue.FindMaxValueTest" time="0.886" tests="5" errors="0" skipped="0" failures="0">
  <properties>
[...]
</properties>
  <testcase name="testArrayWithDuplicateMaximumValues" classname="com.mycompany.findmaxvalue.FindMaxValueTest" time="0.443"/>
  <testcase name="testArrayWithPositiveNumbers" classname="com.mycompany.findmaxvalue.FindMaxValueTest" time="0.032"/>
  <testcase name="testArrayWithNegativeNumbers" classname="com.mycompany.findmaxvalue.FindMaxValueTest" time="0.016"/>
  <testcase name="testArrayWithBothPositiveAndNegativeNumbers" classname="com.mycompany.findmaxvalue.FindMaxValueTest" time="0.015"/>
  <testcase name="testSingleElementArray" classname="com.mycompany.findmaxvalue.FindMaxValueTest" time="0.016"/>
</testsuite>